[23:34:15] [ServerMain/INFO]: Environment: Environment[sessionHost=https://sessionserver.mojang.com, servicesHost=https://api.minecraftservices.com, name=PROD]
[23:34:16] [ServerMain/INFO]: No existing world data, creating new world
[23:34:17] [ServerMain/INFO]: Loaded 1175 recipes
[23:34:18] [ServerMain/INFO]: Loaded 1276 advancements
[23:34:18] [Server thread/INFO]: Starting minecraft server version 1.20.6
[23:34:18] [Server thread/INFO]: Loading properties
[23:34:18] [Server thread/INFO]: Default game type: SURVIVAL
[23:34:18] [Server thread/INFO]: Generating keypair
[23:34:18] [Server thread/INFO]: Starting Minecraft server on *:25565
[23:34:18] [Server thread/INFO]: Using epoll channel type
[23:34:19] [Server thread/WARN]: **** SERVER IS RUNNING IN OFFLINE/INSECURE MODE!
[23:34:19] [Server thread/WARN]: The server will make no attempt to authenticate usernames. Beware.
[23:34:19] [Server thread/WARN]: While this makes the game possible to play without internet access, it also opens up the ability for hackers to connect with any username they choose.
[23:34:19] [Server thread/WARN]: To change this, set "online-mode" to "true" in the server.properties file.
[23:34:19] [Server thread/INFO]: Preparing level "world"
[23:34:32] [Server thread/INFO]: Preparing start region for dimension minecraft:overworld
[23:34:32] [Worker-Main-1/INFO]: Preparing spawn area: 2%
[23:34:33] [Worker-Main-1/INFO]: Preparing spawn area: 2%
[23:34:33] [Worker-Main-1/INFO]: Preparing spawn area: 2%
[23:34:34] [Worker-Main-1/INFO]: Preparing spawn area: 2%
[23:34:34] [Worker-Main-1/INFO]: Preparing spawn area: 2%
[23:34:35] [Worker-Main-1/INFO]: Preparing spawn area: 2%
[23:34:35] [Worker-Main-1/INFO]: Preparing spawn area: 2%
[23:34:36] [Worker-Main-1/INFO]: Preparing spawn area: 2%
[23:34:36] [Worker-Main-1/INFO]: Preparing spawn area: 2%
[23:34:37] [Worker-Main-1/INFO]: Preparing spawn area: 2%
[23:34:37] [Worker-Main-1/INFO]: Preparing spawn area: 2%
[23:34:38] [Worker-Main-1/INFO]: Preparing spawn area: 2%
[23:34:38] [Worker-Main-1/INFO]: Preparing spawn area: 2%
[23:34:39] [Worker-Main-1/INFO]: Preparing spawn area: 2%
[23:34:39] [Worker-Main-1/INFO]: Preparing spawn area: 2%
[23:34:40] [Worker-Main-1/INFO]: Preparing spawn area: 2%
[23:34:40] [Worker-Main-1/INFO]: Preparing spawn area: 2%
[23:34:41] [Worker-Main-1/INFO]: Preparing spawn area: 2%
[23:34:41] [Worker-Main-1/INFO]: Preparing spawn area: 22%
[23:34:42] [Server thread/INFO]: Time elapsed: 9697 ms
[23:34:42] [Server thread/INFO]: Done (23.096s)! For help, type "help"
[23:35:43] [Server thread/INFO]: raflerwq[/127.141.75.184:36933] logged in with entity id 24 at (10.5, 72.0, -8.5)
[23:35:43] [Server thread/INFO]: raflerwq joined the game
